src/pages/FigmaTasksPage.tsx(278,185): error TS2552: Cannot find name 'task'. Did you mean 'tasks'?
src/pages/SettingsPage.tsx(168,123): error TS2304: Cannot find name 'ShieldCheck'.
